<?xml version="1.0" encoding="UTF-8"?>
<!-- Generated by org.testng.reporters.JUnitXMLReporter -->
<testsuite hostname="Nishant-PC" ignored="0" name="Default test" tests="5" failures="0" timestamp="25 Dec 2018 08:38:51 GMT" time="37.294" errors="0">
  <testcase name="m1" time="0.017" classname="com.qa.test.LoginTest"/>
  <testcase name="LoginPageTest" time="0.016" classname="com.qa.test.LoginTest"/>
  <testcase name="LoginPageDataTest" time="0.976" classname="com.qa.test.LoginTest"/>
  <testcase name="LoginPageDataTest" time="0.783" classname="com.qa.test.LoginTest"/>
  <testcase name="LoginPageDataTest" time="1.99" classname="com.qa.test.LoginTest"/>
</testsuite> <!-- Default test -->
