<?xml version="1.0" encoding="UTF-8"?>
<testng-results skipped="0" failed="0" ignored="0" total="5" passed="5">
  <reporter-output>
  </reporter-output>
  <suite name="Default suite" duration-ms="37294" started-at="2018-12-25T08:38:13Z" finished-at="2018-12-25T08:38:51Z">
    <groups>
      <group name="smoke">
        <method signature="LoginTest.LoginPageTest()[pri:1, instance:com.qa.test.LoginTest@1a3869f4]" name="LoginPageTest" class="com.qa.test.LoginTest"/>
      </group> <!-- smoke -->
    </groups>
    <test name="Default test" duration-ms="37294" started-at="2018-12-25T08:38:13Z" finished-at="2018-12-25T08:38:51Z">
      <class name="com.qa.test.LoginTest">
        <test-method status="PASS" signature="setUp()[pri:0, instance:com.qa.test.LoginTest@1a3869f4]" name="setUp" is-config="true" duration-ms="6628" started-at="2018-12-25T08:38:13Z" finished-at="2018-12-25T08:38:20Z">
          <reporter-output>
          </reporter-output>
        </test-method> <!-- setUp -->
        <test-method status="PASS" signature="m1()[pri:0, instance:com.qa.test.LoginTest@1a3869f4]" name="m1" duration-ms="17" started-at="2018-12-25T08:38:20Z" finished-at="2018-12-25T08:38:20Z">
          <reporter-output>
          </reporter-output>
        </test-method> <!-- m1 -->
        <test-method status="PASS" signature="tearDown()[pri:0, instance:com.qa.test.LoginTest@1a3869f4]" name="tearDown" is-config="true" duration-ms="132" started-at="2018-12-25T08:38:20Z" finished-at="2018-12-25T08:38:20Z">
          <reporter-output>
          </reporter-output>
        </test-method> <!-- tearDown -->
        <test-method status="PASS" signature="setUp()[pri:0, instance:com.qa.test.LoginTest@1a3869f4]" name="setUp" is-config="true" duration-ms="5660" started-at="2018-12-25T08:38:20Z" finished-at="2018-12-25T08:38:26Z">
          <reporter-output>
          </reporter-output>
        </test-method> <!-- setUp -->
        <test-method status="PASS" signature="LoginPageTest()[pri:1, instance:com.qa.test.LoginTest@1a3869f4]" name="LoginPageTest" duration-ms="16" started-at="2018-12-25T08:38:26Z" finished-at="2018-12-25T08:38:26Z">
          <reporter-output>
          </reporter-output>
        </test-method> <!-- LoginPageTest -->
        <test-method status="PASS" signature="tearDown()[pri:0, instance:com.qa.test.LoginTest@1a3869f4]" name="tearDown" is-config="true" duration-ms="108" started-at="2018-12-25T08:38:26Z" finished-at="2018-12-25T08:38:26Z">
          <reporter-output>
          </reporter-output>
        </test-method> <!-- tearDown -->
        <test-method status="PASS" signature="setUp()[pri:0, instance:com.qa.test.LoginTest@1a3869f4]" name="setUp" is-config="true" duration-ms="4955" started-at="2018-12-25T08:38:27Z" finished-at="2018-12-25T08:38:32Z">
          <reporter-output>
          </reporter-output>
        </test-method> <!-- setUp -->
        <test-method status="PASS" signature="LoginPageDataTest(java.lang.String, java.lang.String)[pri:2, instance:com.qa.test.LoginTest@1a3869f4]" name="LoginPageDataTest" duration-ms="976" started-at="2018-12-25T08:38:32Z" data-provider="loginData" finished-at="2018-12-25T08:38:33Z">
          <params>
            <param index="0">
              <value>
                <![CDATA[rohit]]>
              </value>
            </param>
            <param index="1">
              <value>
                <![CDATA[12345.0]]>
              </value>
            </param>
          </params>
          <reporter-output>
          </reporter-output>
        </test-method> <!-- LoginPageDataTest -->
        <test-method status="PASS" signature="tearDown()[pri:0, instance:com.qa.test.LoginTest@1a3869f4]" name="tearDown" is-config="true" duration-ms="192" started-at="2018-12-25T08:38:33Z" finished-at="2018-12-25T08:38:33Z">
          <reporter-output>
          </reporter-output>
        </test-method> <!-- tearDown -->
        <test-method status="PASS" signature="setUp()[pri:0, instance:com.qa.test.LoginTest@1a3869f4]" name="setUp" is-config="true" duration-ms="6762" started-at="2018-12-25T08:38:33Z" finished-at="2018-12-25T08:38:40Z">
          <reporter-output>
          </reporter-output>
        </test-method> <!-- setUp -->
        <test-method status="PASS" signature="LoginPageDataTest(java.lang.String, java.lang.String)[pri:2, instance:com.qa.test.LoginTest@1a3869f4]" name="LoginPageDataTest" duration-ms="783" started-at="2018-12-25T08:38:40Z" data-provider="loginData" finished-at="2018-12-25T08:38:40Z">
          <params>
            <param index="0">
              <value>
                <![CDATA[kiran]]>
              </value>
            </param>
            <param index="1">
              <value>
                <![CDATA[pass]]>
              </value>
            </param>
          </params>
          <reporter-output>
          </reporter-output>
        </test-method> <!-- LoginPageDataTest -->
        <test-method status="PASS" signature="tearDown()[pri:0, instance:com.qa.test.LoginTest@1a3869f4]" name="tearDown" is-config="true" duration-ms="54" started-at="2018-12-25T08:38:40Z" finished-at="2018-12-25T08:38:40Z">
          <reporter-output>
          </reporter-output>
        </test-method> <!-- tearDown -->
        <test-method status="PASS" signature="setUp()[pri:0, instance:com.qa.test.LoginTest@1a3869f4]" name="setUp" is-config="true" duration-ms="5875" started-at="2018-12-25T08:38:40Z" finished-at="2018-12-25T08:38:46Z">
          <reporter-output>
          </reporter-output>
        </test-method> <!-- setUp -->
        <test-method status="PASS" signature="LoginPageDataTest(java.lang.String, java.lang.String)[pri:2, instance:com.qa.test.LoginTest@1a3869f4]" name="LoginPageDataTest" duration-ms="1990" started-at="2018-12-25T08:38:46Z" data-provider="loginData" finished-at="2018-12-25T08:38:48Z">
          <params>
            <param index="0">
              <value>
                <![CDATA[admin]]>
              </value>
            </param>
            <param index="1">
              <value>
                <![CDATA[pass]]>
              </value>
            </param>
          </params>
          <reporter-output>
          </reporter-output>
        </test-method> <!-- LoginPageDataTest -->
        <test-method status="PASS" signature="tearDown()[pri:0, instance:com.qa.test.LoginTest@1a3869f4]" name="tearDown" is-config="true" duration-ms="2321" started-at="2018-12-25T08:38:48Z" finished-at="2018-12-25T08:38:51Z">
          <reporter-output>
          </reporter-output>
        </test-method> <!-- tearDown -->
      </class> <!-- com.qa.test.LoginTest -->
    </test> <!-- Default test -->
  </suite> <!-- Default suite -->
</testng-results>
